  p3c_rdtsc.cpp
C:\Users\Usuario\Documents\GitHub\P1-ASD\P3C-presentacion\proyecto_RDTSC\p3c_rdtsc.cpp(105,18): warning C4244: '=': conversión de 'double' a 'float'; posible pérdida de datos
C:\Users\Usuario\Documents\GitHub\P1-ASD\P3C-presentacion\proyecto_RDTSC\p3c_rdtsc.cpp(230,27): error C2086: 'int a_int[2048]': nueva definición
C:\Users\Usuario\Documents\GitHub\P1-ASD\P3C-presentacion\proyecto_RDTSC\p3c_rdtsc.cpp(37): message : vea la declaración de 'a_int'
C:\Users\Usuario\Documents\GitHub\P1-ASD\P3C-presentacion\proyecto_RDTSC\p3c_rdtsc.cpp(230,42): error C2086: 'int b_int[2048]': nueva definición
C:\Users\Usuario\Documents\GitHub\P1-ASD\P3C-presentacion\proyecto_RDTSC\p3c_rdtsc.cpp(37): message : vea la declaración de 'b_int'
C:\Users\Usuario\Documents\GitHub\P1-ASD\P3C-presentacion\proyecto_RDTSC\p3c_rdtsc.cpp(232,29): error C2086: 'float a[2048]': nueva definición
C:\Users\Usuario\Documents\GitHub\P1-ASD\P3C-presentacion\proyecto_RDTSC\p3c_rdtsc.cpp(39): message : vea la declaración de 'a'
C:\Users\Usuario\Documents\GitHub\P1-ASD\P3C-presentacion\proyecto_RDTSC\p3c_rdtsc.cpp(232,40): error C2086: 'float b[2048]': nueva definición
C:\Users\Usuario\Documents\GitHub\P1-ASD\P3C-presentacion\proyecto_RDTSC\p3c_rdtsc.cpp(39): message : vea la declaración de 'b'
C:\Users\Usuario\Documents\GitHub\P1-ASD\P3C-presentacion\proyecto_RDTSC\p3c_rdtsc.cpp(233,29): error C2086: 'float c[2048]': nueva definición
C:\Users\Usuario\Documents\GitHub\P1-ASD\P3C-presentacion\proyecto_RDTSC\p3c_rdtsc.cpp(40): message : vea la declaración de 'c'
C:\Users\Usuario\Documents\GitHub\P1-ASD\P3C-presentacion\proyecto_RDTSC\p3c_rdtsc.cpp(233,40): error C2086: 'float d[2048]': nueva definición
C:\Users\Usuario\Documents\GitHub\P1-ASD\P3C-presentacion\proyecto_RDTSC\p3c_rdtsc.cpp(40): message : vea la declaración de 'd'
C:\Users\Usuario\Documents\GitHub\P1-ASD\P3C-presentacion\proyecto_RDTSC\p3c_rdtsc.cpp(234,29): error C2086: 'float e[2048]': nueva definición
C:\Users\Usuario\Documents\GitHub\P1-ASD\P3C-presentacion\proyecto_RDTSC\p3c_rdtsc.cpp(41): message : vea la declaración de 'e'
C:\Users\Usuario\Documents\GitHub\P1-ASD\P3C-presentacion\proyecto_RDTSC\p3c_rdtsc.cpp(234,40): error C2086: 'float f[2048]': nueva definición
C:\Users\Usuario\Documents\GitHub\P1-ASD\P3C-presentacion\proyecto_RDTSC\p3c_rdtsc.cpp(41): message : vea la declaración de 'f'
C:\Users\Usuario\Documents\GitHub\P1-ASD\P3C-presentacion\proyecto_RDTSC\p3c_rdtsc.cpp(235,29): error C2086: 'float g[2048]': nueva definición
C:\Users\Usuario\Documents\GitHub\P1-ASD\P3C-presentacion\proyecto_RDTSC\p3c_rdtsc.cpp(42): message : vea la declaración de 'g'
C:\Users\Usuario\Documents\GitHub\P1-ASD\P3C-presentacion\proyecto_RDTSC\p3c_rdtsc.cpp(235,40): error C2086: 'float h[2048]': nueva definición
C:\Users\Usuario\Documents\GitHub\P1-ASD\P3C-presentacion\proyecto_RDTSC\p3c_rdtsc.cpp(42): message : vea la declaración de 'h'
C:\Users\Usuario\Documents\GitHub\P1-ASD\P3C-presentacion\proyecto_RDTSC\p3c_rdtsc.cpp(236,7): error C2086: 'float z': nueva definición
C:\Users\Usuario\Documents\GitHub\P1-ASD\P3C-presentacion\proyecto_RDTSC\p3c_rdtsc.cpp(43): message : vea la declaración de 'z'
C:\Users\Usuario\Documents\GitHub\P1-ASD\P3C-presentacion\proyecto_RDTSC\p3c_rdtsc.cpp(238,27): error C2086: 'int cond1[2048]': nueva definición
C:\Users\Usuario\Documents\GitHub\P1-ASD\P3C-presentacion\proyecto_RDTSC\p3c_rdtsc.cpp(45): message : vea la declaración de 'cond1'
C:\Users\Usuario\Documents\GitHub\P1-ASD\P3C-presentacion\proyecto_RDTSC\p3c_rdtsc.cpp(238,42): error C2086: 'int cond2[2048]': nueva definición
C:\Users\Usuario\Documents\GitHub\P1-ASD\P3C-presentacion\proyecto_RDTSC\p3c_rdtsc.cpp(45): message : vea la declaración de 'cond2'
C:\Users\Usuario\Documents\GitHub\P1-ASD\P3C-presentacion\proyecto_RDTSC\p3c_rdtsc.cpp(238,57): error C2086: 'int cond3[2048]': nueva definición
C:\Users\Usuario\Documents\GitHub\P1-ASD\P3C-presentacion\proyecto_RDTSC\p3c_rdtsc.cpp(45): message : vea la declaración de 'cond3'
C:\Users\Usuario\Documents\GitHub\P1-ASD\P3C-presentacion\proyecto_RDTSC\p3c_rdtsc.cpp(242,6): error C2084: la función 'void vectors_init(void)' ya tiene un cuerpo
C:\Users\Usuario\Documents\GitHub\P1-ASD\P3C-presentacion\proyecto_RDTSC\p3c_rdtsc.cpp(49): message : vea la definición anterior de 'vectors_init'
C:\Users\Usuario\Documents\GitHub\P1-ASD\P3C-presentacion\proyecto_RDTSC\p3c_rdtsc.cpp(279,7): error C2084: la función 'float apartadoA(void)' ya tiene un cuerpo
C:\Users\Usuario\Documents\GitHub\P1-ASD\P3C-presentacion\proyecto_RDTSC\p3c_rdtsc.cpp(82): message : vea la definición anterior de 'apartadoA'
C:\Users\Usuario\Documents\GitHub\P1-ASD\P3C-presentacion\proyecto_RDTSC\p3c_rdtsc.cpp(290,7): error C2084: la función 'float apartadoBPrimeraOpcion(void)' ya tiene un cuerpo
C:\Users\Usuario\Documents\GitHub\P1-ASD\P3C-presentacion\proyecto_RDTSC\p3c_rdtsc.cpp(92): message : vea la definición anterior de 'apartadoBPrimeraOpcion'
C:\Users\Usuario\Documents\GitHub\P1-ASD\P3C-presentacion\proyecto_RDTSC\p3c_rdtsc.cpp(302,7): error C2084: la función 'float apartadoBSegundaOpcion(void)' ya tiene un cuerpo
C:\Users\Usuario\Documents\GitHub\P1-ASD\P3C-presentacion\proyecto_RDTSC\p3c_rdtsc.cpp(101): message : vea la definición anterior de 'apartadoBSegundaOpcion'
C:\Users\Usuario\Documents\GitHub\P1-ASD\P3C-presentacion\proyecto_RDTSC\p3c_rdtsc.cpp(309,18): warning C4244: '=': conversión de 'double' a 'float'; posible pérdida de datos
C:\Users\Usuario\Documents\GitHub\P1-ASD\P3C-presentacion\proyecto_RDTSC\p3c_rdtsc.cpp(314,7): error C2084: la función 'float apartadoCPrimeraCond(void)' ya tiene un cuerpo
C:\Users\Usuario\Documents\GitHub\P1-ASD\P3C-presentacion\proyecto_RDTSC\p3c_rdtsc.cpp(110): message : vea la definición anterior de 'apartadoCPrimeraCond'
C:\Users\Usuario\Documents\GitHub\P1-ASD\P3C-presentacion\proyecto_RDTSC\p3c_rdtsc.cpp(328,7): error C2084: la función 'float apartadoCSegundaCond(void)' ya tiene un cuerpo
C:\Users\Usuario\Documents\GitHub\P1-ASD\P3C-presentacion\proyecto_RDTSC\p3c_rdtsc.cpp(121): message : vea la definición anterior de 'apartadoCSegundaCond'
C:\Users\Usuario\Documents\GitHub\P1-ASD\P3C-presentacion\proyecto_RDTSC\p3c_rdtsc.cpp(343,7): error C2084: la función 'float example(void)' ya tiene un cuerpo
C:\Users\Usuario\Documents\GitHub\P1-ASD\P3C-presentacion\proyecto_RDTSC\p3c_rdtsc.cpp(132): message : vea la definición anterior de 'example'
C:\Users\Usuario\Documents\GitHub\P1-ASD\P3C-presentacion\proyecto_RDTSC\p3c_rdtsc.cpp(357,5): error C2084: la función 'int main(int,char **)' ya tiene un cuerpo
C:\Users\Usuario\Documents\GitHub\P1-ASD\P3C-presentacion\proyecto_RDTSC\p3c_rdtsc.cpp(141): message : vea la definición anterior de 'main'
C:\Users\Usuario\Documents\GitHub\P1-ASD\P3C-presentacion\proyecto_RDTSC\p3c_rdtsc.cpp(368,3): error C2065: 'vectors_init': identificador no declarado
C:\Users\Usuario\Documents\GitHub\P1-ASD\P3C-presentacion\proyecto_RDTSC\p3c_rdtsc.cpp(370,10): error C2065: 'example': identificador no declarado
C:\Users\Usuario\Documents\GitHub\P1-ASD\P3C-presentacion\proyecto_RDTSC\p3c_rdtsc.cpp(370,19): error C2568: '=': no se puede resolver la sobrecarga de funciones
C:\Users\Usuario\Documents\GitHub\P1-ASD\P3C-presentacion\proyecto_RDTSC\p3c_rdtsc.cpp(370,19): message : puede ser 'float example(void)'
C:\Users\Usuario\Documents\GitHub\P1-ASD\P3C-presentacion\proyecto_RDTSC\p3c_rdtsc.cpp(380,3): error C2065: 'vectors_init': identificador no declarado
C:\Users\Usuario\Documents\GitHub\P1-ASD\P3C-presentacion\proyecto_RDTSC\p3c_rdtsc.cpp(447,27): error C2086: 'int a_int[2048]': nueva definición
C:\Users\Usuario\Documents\GitHub\P1-ASD\P3C-presentacion\proyecto_RDTSC\p3c_rdtsc.cpp(37): message : vea la declaración de 'a_int'
C:\Users\Usuario\Documents\GitHub\P1-ASD\P3C-presentacion\proyecto_RDTSC\p3c_rdtsc.cpp(447,42): error C2086: 'int b_int[2048]': nueva definición
C:\Users\Usuario\Documents\GitHub\P1-ASD\P3C-presentacion\proyecto_RDTSC\p3c_rdtsc.cpp(37): message : vea la declaración de 'b_int'
C:\Users\Usuario\Documents\GitHub\P1-ASD\P3C-presentacion\proyecto_RDTSC\p3c_rdtsc.cpp(449,29): error C2086: 'float a[2048]': nueva definición
C:\Users\Usuario\Documents\GitHub\P1-ASD\P3C-presentacion\proyecto_RDTSC\p3c_rdtsc.cpp(39): message : vea la declaración de 'a'
C:\Users\Usuario\Documents\GitHub\P1-ASD\P3C-presentacion\proyecto_RDTSC\p3c_rdtsc.cpp(449,40): error C2086: 'float b[2048]': nueva definición
C:\Users\Usuario\Documents\GitHub\P1-ASD\P3C-presentacion\proyecto_RDTSC\p3c_rdtsc.cpp(39): message : vea la declaración de 'b'
C:\Users\Usuario\Documents\GitHub\P1-ASD\P3C-presentacion\proyecto_RDTSC\p3c_rdtsc.cpp(450,29): error C2086: 'float c[2048]': nueva definición
C:\Users\Usuario\Documents\GitHub\P1-ASD\P3C-presentacion\proyecto_RDTSC\p3c_rdtsc.cpp(40): message : vea la declaración de 'c'
C:\Users\Usuario\Documents\GitHub\P1-ASD\P3C-presentacion\proyecto_RDTSC\p3c_rdtsc.cpp(450,40): error C2086: 'float d[2048]': nueva definición
C:\Users\Usuario\Documents\GitHub\P1-ASD\P3C-presentacion\proyecto_RDTSC\p3c_rdtsc.cpp(40): message : vea la declaración de 'd'
C:\Users\Usuario\Documents\GitHub\P1-ASD\P3C-presentacion\proyecto_RDTSC\p3c_rdtsc.cpp(451,29): error C2086: 'float e[2048]': nueva definición
C:\Users\Usuario\Documents\GitHub\P1-ASD\P3C-presentacion\proyecto_RDTSC\p3c_rdtsc.cpp(41): message : vea la declaración de 'e'
C:\Users\Usuario\Documents\GitHub\P1-ASD\P3C-presentacion\proyecto_RDTSC\p3c_rdtsc.cpp(451,40): error C2086: 'float f[2048]': nueva definición
C:\Users\Usuario\Documents\GitHub\P1-ASD\P3C-presentacion\proyecto_RDTSC\p3c_rdtsc.cpp(41): message : vea la declaración de 'f'
C:\Users\Usuario\Documents\GitHub\P1-ASD\P3C-presentacion\proyecto_RDTSC\p3c_rdtsc.cpp(452,29): error C2086: 'float g[2048]': nueva definición
C:\Users\Usuario\Documents\GitHub\P1-ASD\P3C-presentacion\proyecto_RDTSC\p3c_rdtsc.cpp(42): message : vea la declaración de 'g'
C:\Users\Usuario\Documents\GitHub\P1-ASD\P3C-presentacion\proyecto_RDTSC\p3c_rdtsc.cpp(452,40): error C2086: 'float h[2048]': nueva definición
C:\Users\Usuario\Documents\GitHub\P1-ASD\P3C-presentacion\proyecto_RDTSC\p3c_rdtsc.cpp(42): message : vea la declaración de 'h'
C:\Users\Usuario\Documents\GitHub\P1-ASD\P3C-presentacion\proyecto_RDTSC\p3c_rdtsc.cpp(453,7): error C2086: 'float z': nueva definición
C:\Users\Usuario\Documents\GitHub\P1-ASD\P3C-presentacion\proyecto_RDTSC\p3c_rdtsc.cpp(43): message : vea la declaración de 'z'
C:\Users\Usuario\Documents\GitHub\P1-ASD\P3C-presentacion\proyecto_RDTSC\p3c_rdtsc.cpp(455,27): error C2086: 'int cond1[2048]': nueva definición
C:\Users\Usuario\Documents\GitHub\P1-ASD\P3C-presentacion\proyecto_RDTSC\p3c_rdtsc.cpp(45): message : vea la declaración de 'cond1'
C:\Users\Usuario\Documents\GitHub\P1-ASD\P3C-presentacion\proyecto_RDTSC\p3c_rdtsc.cpp(455,42): error C2086: 'int cond2[2048]': nueva definición
C:\Users\Usuario\Documents\GitHub\P1-ASD\P3C-presentacion\proyecto_RDTSC\p3c_rdtsc.cpp(45): message : vea la declaración de 'cond2'
C:\Users\Usuario\Documents\GitHub\P1-ASD\P3C-presentacion\proyecto_RDTSC\p3c_rdtsc.cpp(455,57): error C2086: 'int cond3[2048]': nueva definición
C:\Users\Usuario\Documents\GitHub\P1-ASD\P3C-presentacion\proyecto_RDTSC\p3c_rdtsc.cpp(45): message : vea la declaración de 'cond3'
C:\Users\Usuario\Documents\GitHub\P1-ASD\P3C-presentacion\proyecto_RDTSC\p3c_rdtsc.cpp(521,18): warning C4244: '=': conversión de 'double' a 'float'; posible pérdida de datos
C:\Users\Usuario\Documents\GitHub\P1-ASD\P3C-presentacion\proyecto_RDTSC\p3c_rdtsc.cpp(580,3): error C2065: 'vectors_init': identificador no declarado
C:\Users\Usuario\Documents\GitHub\P1-ASD\P3C-presentacion\proyecto_RDTSC\p3c_rdtsc.cpp(582,10): error C2065: 'example': identificador no declarado
C:\Users\Usuario\Documents\GitHub\P1-ASD\P3C-presentacion\proyecto_RDTSC\p3c_rdtsc.cpp(582,19): error C2568: '=': no se puede resolver la sobrecarga de funciones
C:\Users\Usuario\Documents\GitHub\P1-ASD\P3C-presentacion\proyecto_RDTSC\p3c_rdtsc.cpp(582,19): message : puede ser 'float example(void)'
C:\Users\Usuario\Documents\GitHub\P1-ASD\P3C-presentacion\proyecto_RDTSC\p3c_rdtsc.cpp(592,3): error C2065: 'vectors_init': identificador no declarado
C:\Users\Usuario\Documents\GitHub\P1-ASD\P3C-presentacion\proyecto_RDTSC\p3c_rdtsc.cpp(595,10): error C2065: 'apartadoA': identificador no declarado
C:\Users\Usuario\Documents\GitHub\P1-ASD\P3C-presentacion\proyecto_RDTSC\p3c_rdtsc.cpp(595,21): error C2568: '=': no se puede resolver la sobrecarga de funciones
C:\Users\Usuario\Documents\GitHub\P1-ASD\P3C-presentacion\proyecto_RDTSC\p3c_rdtsc.cpp(595,21): message : puede ser 'float apartadoA(void)'
C:\Users\Usuario\Documents\GitHub\P1-ASD\P3C-presentacion\proyecto_RDTSC\p3c_rdtsc.cpp(660,27): error C2086: 'int a_int[2048]': nueva definición
C:\Users\Usuario\Documents\GitHub\P1-ASD\P3C-presentacion\proyecto_RDTSC\p3c_rdtsc.cpp(37): message : vea la declaración de 'a_int'
C:\Users\Usuario\Documents\GitHub\P1-ASD\P3C-presentacion\proyecto_RDTSC\p3c_rdtsc.cpp(660,42): error C2086: 'int b_int[2048]': nueva definición
C:\Users\Usuario\Documents\GitHub\P1-ASD\P3C-presentacion\proyecto_RDTSC\p3c_rdtsc.cpp(37): message : vea la declaración de 'b_int'
C:\Users\Usuario\Documents\GitHub\P1-ASD\P3C-presentacion\proyecto_RDTSC\p3c_rdtsc.cpp(662,29): error C2086: 'float a[2048]': nueva definición
C:\Users\Usuario\Documents\GitHub\P1-ASD\P3C-presentacion\proyecto_RDTSC\p3c_rdtsc.cpp(39): message : vea la declaración de 'a'
C:\Users\Usuario\Documents\GitHub\P1-ASD\P3C-presentacion\proyecto_RDTSC\p3c_rdtsc.cpp(662,40): error C2086: 'float b[2048]': nueva definición
C:\Users\Usuario\Documents\GitHub\P1-ASD\P3C-presentacion\proyecto_RDTSC\p3c_rdtsc.cpp(39): message : vea la declaración de 'b'
C:\Users\Usuario\Documents\GitHub\P1-ASD\P3C-presentacion\proyecto_RDTSC\p3c_rdtsc.cpp(663,29): error C2086: 'float c[2048]': nueva definición
C:\Users\Usuario\Documents\GitHub\P1-ASD\P3C-presentacion\proyecto_RDTSC\p3c_rdtsc.cpp(40): message : vea la declaración de 'c'
C:\Users\Usuario\Documents\GitHub\P1-ASD\P3C-presentacion\proyecto_RDTSC\p3c_rdtsc.cpp(663,40): error C2086: 'float d[2048]': nueva definición
C:\Users\Usuario\Documents\GitHub\P1-ASD\P3C-presentacion\proyecto_RDTSC\p3c_rdtsc.cpp(40): message : vea la declaración de 'd'
C:\Users\Usuario\Documents\GitHub\P1-ASD\P3C-presentacion\proyecto_RDTSC\p3c_rdtsc.cpp(664,29): error C2086: 'float e[2048]': nueva definición
C:\Users\Usuario\Documents\GitHub\P1-ASD\P3C-presentacion\proyecto_RDTSC\p3c_rdtsc.cpp(41): message : vea la declaración de 'e'
C:\Users\Usuario\Documents\GitHub\P1-ASD\P3C-presentacion\proyecto_RDTSC\p3c_rdtsc.cpp(664,40): error C2086: 'float f[2048]': nueva definición
C:\Users\Usuario\Documents\GitHub\P1-ASD\P3C-presentacion\proyecto_RDTSC\p3c_rdtsc.cpp(41): message : vea la declaración de 'f'
C:\Users\Usuario\Documents\GitHub\P1-ASD\P3C-presentacion\proyecto_RDTSC\p3c_rdtsc.cpp(665,29): error C2086: 'float g[2048]': nueva definición
C:\Users\Usuario\Documents\GitHub\P1-ASD\P3C-presentacion\proyecto_RDTSC\p3c_rdtsc.cpp(42): message : vea la declaración de 'g'
C:\Users\Usuario\Documents\GitHub\P1-ASD\P3C-presentacion\proyecto_RDTSC\p3c_rdtsc.cpp(665,40): error C2086: 'float h[2048]': nueva definición
C:\Users\Usuario\Documents\GitHub\P1-ASD\P3C-presentacion\proyecto_RDTSC\p3c_rdtsc.cpp(42): message : vea la declaración de 'h'
C:\Users\Usuario\Documents\GitHub\P1-ASD\P3C-presentacion\proyecto_RDTSC\p3c_rdtsc.cpp(666,7): error C2086: 'float z': nueva definición
C:\Users\Usuario\Documents\GitHub\P1-ASD\P3C-presentacion\proyecto_RDTSC\p3c_rdtsc.cpp(43): message : vea la declaración de 'z'
C:\Users\Usuario\Documents\GitHub\P1-ASD\P3C-presentacion\proyecto_RDTSC\p3c_rdtsc.cpp(668,27): error C2086: 'int cond1[2048]': nueva definición
C:\Users\Usuario\Documents\GitHub\P1-ASD\P3C-presentacion\proyecto_RDTSC\p3c_rdtsc.cpp(45): message : vea la declaración de 'cond1'
C:\Users\Usuario\Documents\GitHub\P1-ASD\P3C-presentacion\proyecto_RDTSC\p3c_rdtsc.cpp(668,42): error C2086: 'int cond2[2048]': nueva definición
C:\Users\Usuario\Documents\GitHub\P1-ASD\P3C-presentacion\proyecto_RDTSC\p3c_rdtsc.cpp(45): message : vea la declaración de 'cond2'
C:\Users\Usuario\Documents\GitHub\P1-ASD\P3C-presentacion\proyecto_RDTSC\p3c_rdtsc.cpp(668,57): error C2086: 'int cond3[2048]': nueva definición
C:\Users\Usuario\Documents\GitHub\P1-ASD\P3C-presentacion\proyecto_RDTSC\p3c_rdtsc.cpp(45): message : vea la declaración de 'cond3'
C:\Users\Usuario\Documents\GitHub\P1-ASD\P3C-presentacion\proyecto_RDTSC\p3c_rdtsc.cpp(739,18): warning C4244: '=': conversión de 'double' a 'float'; posible pérdida de datos
C:\Users\Usuario\Documents\GitHub\P1-ASD\P3C-presentacion\proyecto_RDTSC\p3c_rdtsc.cpp(798,3): error C2065: 'vectors_init': identificador no declarado
C:\Users\Usuario\Documents\GitHub\P1-ASD\P3C-presentacion\proyecto_RDTSC\p3c_rdtsc.cpp(800,10): error C2065: 'example': identificador no declarado
C:\Users\Usuario\Documents\GitHub\P1-ASD\P3C-presentacion\proyecto_RDTSC\p3c_rdtsc.cpp(800,19): error C2568: '=': no se puede resolver la sobrecarga de funciones
C:\Users\Usuario\Documents\GitHub\P1-ASD\P3C-presentacion\proyecto_RDTSC\p3c_rdtsc.cpp(800,19): message : puede ser 'float example(void)'
C:\Users\Usuario\Documents\GitHub\P1-ASD\P3C-presentacion\proyecto_RDTSC\p3c_rdtsc.cpp(810,3): error C2065: 'vectors_init': identificador no declarado
C:\Users\Usuario\Documents\GitHub\P1-ASD\P3C-presentacion\proyecto_RDTSC\p3c_rdtsc.cpp(877,27): error C2086: 'int a_int[2048]': nueva definición
C:\Users\Usuario\Documents\GitHub\P1-ASD\P3C-presentacion\proyecto_RDTSC\p3c_rdtsc.cpp(37): message : vea la declaración de 'a_int'
C:\Users\Usuario\Documents\GitHub\P1-ASD\P3C-presentacion\proyecto_RDTSC\p3c_rdtsc.cpp(877,42): error C2086: 'int b_int[2048]': nueva definición
C:\Users\Usuario\Documents\GitHub\P1-ASD\P3C-presentacion\proyecto_RDTSC\p3c_rdtsc.cpp(37): message : vea la declaración de 'b_int'
C:\Users\Usuario\Documents\GitHub\P1-ASD\P3C-presentacion\proyecto_RDTSC\p3c_rdtsc.cpp(879,29): error C2086: 'float a[2048]': nueva definición
C:\Users\Usuario\Documents\GitHub\P1-ASD\P3C-presentacion\proyecto_RDTSC\p3c_rdtsc.cpp(39): message : vea la declaración de 'a'
C:\Users\Usuario\Documents\GitHub\P1-ASD\P3C-presentacion\proyecto_RDTSC\p3c_rdtsc.cpp(879,40): error C2086: 'float b[2048]': nueva definición
C:\Users\Usuario\Documents\GitHub\P1-ASD\P3C-presentacion\proyecto_RDTSC\p3c_rdtsc.cpp(39): message : vea la declaración de 'b'
C:\Users\Usuario\Documents\GitHub\P1-ASD\P3C-presentacion\proyecto_RDTSC\p3c_rdtsc.cpp(880,29): error C2086: 'float c[2048]': nueva definición
C:\Users\Usuario\Documents\GitHub\P1-ASD\P3C-presentacion\proyecto_RDTSC\p3c_rdtsc.cpp(40): message : vea la declaración de 'c'
C:\Users\Usuario\Documents\GitHub\P1-ASD\P3C-presentacion\proyecto_RDTSC\p3c_rdtsc.cpp(880,40): error C2086: 'float d[2048]': nueva definición
C:\Users\Usuario\Documents\GitHub\P1-ASD\P3C-presentacion\proyecto_RDTSC\p3c_rdtsc.cpp(40): message : vea la declaración de 'd'
C:\Users\Usuario\Documents\GitHub\P1-ASD\P3C-presentacion\proyecto_RDTSC\p3c_rdtsc.cpp(881,29): error C2086: 'float e[2048]': nueva definición
C:\Users\Usuario\Documents\GitHub\P1-ASD\P3C-presentacion\proyecto_RDTSC\p3c_rdtsc.cpp(41): message : vea la declaración de 'e'
C:\Users\Usuario\Documents\GitHub\P1-ASD\P3C-presentacion\proyecto_RDTSC\p3c_rdtsc.cpp(881,40): error C2086: 'float f[2048]': nueva definición
C:\Users\Usuario\Documents\GitHub\P1-ASD\P3C-presentacion\proyecto_RDTSC\p3c_rdtsc.cpp(41): message : vea la declaración de 'f'
C:\Users\Usuario\Documents\GitHub\P1-ASD\P3C-presentacion\proyecto_RDTSC\p3c_rdtsc.cpp(882,29): error C2086: 'float g[2048]': nueva definición
C:\Users\Usuario\Documents\GitHub\P1-ASD\P3C-presentacion\proyecto_RDTSC\p3c_rdtsc.cpp(42): message : vea la declaración de 'g'
C:\Users\Usuario\Documents\GitHub\P1-ASD\P3C-presentacion\proyecto_RDTSC\p3c_rdtsc.cpp(882,40): error C2086: 'float h[2048]': nueva definición
C:\Users\Usuario\Documents\GitHub\P1-ASD\P3C-presentacion\proyecto_RDTSC\p3c_rdtsc.cpp(42): message : vea la declaración de 'h'
C:\Users\Usuario\Documents\GitHub\P1-ASD\P3C-presentacion\proyecto_RDTSC\p3c_rdtsc.cpp(883,7): error C2086: 'float z': nueva definición
C:\Users\Usuario\Documents\GitHub\P1-ASD\P3C-presentacion\proyecto_RDTSC\p3c_rdtsc.cpp(43): message : vea la declaración de 'z'
C:\Users\Usuario\Documents\GitHub\P1-ASD\P3C-presentacion\proyecto_RDTSC\p3c_rdtsc.cpp(885,27): error C2086: 'int cond1[2048]': nueva definición
C:\Users\Usuario\Documents\GitHub\P1-ASD\P3C-presentacion\proyecto_RDTSC\p3c_rdtsc.cpp(45): message : vea la declaración de 'cond1'
C:\Users\Usuario\Documents\GitHub\P1-ASD\P3C-presentacion\proyecto_RDTSC\p3c_rdtsc.cpp(885,42): error C2086: 'int cond2[2048]': nueva definición
C:\Users\Usuario\Documents\GitHub\P1-ASD\P3C-presentacion\proyecto_RDTSC\p3c_rdtsc.cpp(45): message : vea la declaración de 'cond2'
C:\Users\Usuario\Documents\GitHub\P1-ASD\P3C-presentacion\proyecto_RDTSC\p3c_rdtsc.cpp(885,57): error C2086: 'int cond3[2048]': nueva definición
C:\Users\Usuario\Documents\GitHub\P1-ASD\P3C-presentacion\proyecto_RDTSC\p3c_rdtsc.cpp(45): message : vea la declaración de 'cond3'
C:\Users\Usuario\Documents\GitHub\P1-ASD\P3C-presentacion\proyecto_RDTSC\p3c_rdtsc.cpp(946,18): warning C4244: '=': conversión de 'double' a 'float'; posible pérdida de datos
C:\Users\Usuario\Documents\GitHub\P1-ASD\P3C-presentacion\proyecto_RDTSC\p3c_rdtsc.cpp(993,3): error C2065: 'vectors_init': identificador no declarado
C:\Users\Usuario\Documents\GitHub\P1-ASD\P3C-presentacion\proyecto_RDTSC\p3c_rdtsc.cpp(995,10): error C2065: 'example': identificador no declarado
C:\Users\Usuario\Documents\GitHub\P1-ASD\P3C-presentacion\proyecto_RDTSC\p3c_rdtsc.cpp(995,19): error C2568: '=': no se puede resolver la sobrecarga de funciones
C:\Users\Usuario\Documents\GitHub\P1-ASD\P3C-presentacion\proyecto_RDTSC\p3c_rdtsc.cpp(995,19): message : puede ser 'float example(void)'
C:\Users\Usuario\Documents\GitHub\P1-ASD\P3C-presentacion\proyecto_RDTSC\p3c_rdtsc.cpp(1004,3): error C2065: 'vectors_init': identificador no declarado
